[2023-12-01T07:30:42.287+0000] {manager.py:487} INFO - Processing files using up to 2 processes at a time 
[2023-12-01T07:30:42.288+0000] {manager.py:488} INFO - Process each file at most once every 30 seconds
[2023-12-01T07:30:42.288+0000] {manager.py:489} INFO - Checking for new files in /opt/airflow/dags every 300 seconds
[2023-12-01T07:30:42.289+0000] {manager.py:755} INFO - Searching for files in /opt/airflow/dags
[2023-12-01T07:30:42.293+0000] {manager.py:758} INFO - There are 0 files in /opt/airflow/dags
[2023-12-01T07:35:42.537+0000] {manager.py:755} INFO - Searching for files in /opt/airflow/dags
[2023-12-01T07:35:42.565+0000] {manager.py:758} INFO - There are 1 files in /opt/airflow/dags
[2023-12-01T07:35:44.610+0000] {manager.py:887} INFO - 
================================================================================
DAG File Processing Stats

File Path                                  PID  Runtime      # DAGs    # Errors  Last Runtime    Last Run
---------------------------------------  -----  ---------  --------  ----------  --------------  ----------
/opt/airflow/dags/simple_ml_pipeline.py    125  2.02s             0           0
================================================================================
[2023-12-01T07:36:14.769+0000] {manager.py:887} INFO - 
================================================================================
DAG File Processing Stats

File Path                                PID    Runtime      # DAGs    # Errors  Last Runtime    Last Run
---------------------------------------  -----  ---------  --------  ----------  --------------  -------------------
/opt/airflow/dags/simple_ml_pipeline.py                           1           0  2.88s           2023-12-01T07:35:45
================================================================================
[2023-12-01T07:36:45.188+0000] {manager.py:887} INFO - 
================================================================================
DAG File Processing Stats

File Path                                PID    Runtime      # DAGs    # Errors  Last Runtime    Last Run
---------------------------------------  -----  ---------  --------  ----------  --------------  -------------------
/opt/airflow/dags/simple_ml_pipeline.py                           1           0  1.54s           2023-12-01T07:36:17
================================================================================
[2023-12-01T07:37:15.331+0000] {manager.py:887} INFO - 
================================================================================
DAG File Processing Stats

File Path                                PID    Runtime      # DAGs    # Errors  Last Runtime    Last Run
---------------------------------------  -----  ---------  --------  ----------  --------------  -------------------
/opt/airflow/dags/simple_ml_pipeline.py                           1           0  1.48s           2023-12-01T07:36:49
================================================================================
[2023-12-01T07:37:45.636+0000] {manager.py:887} INFO - 
================================================================================
DAG File Processing Stats

File Path                                PID    Runtime      # DAGs    # Errors  Last Runtime    Last Run
---------------------------------------  -----  ---------  --------  ----------  --------------  -------------------
/opt/airflow/dags/simple_ml_pipeline.py                           1           0  1.31s           2023-12-01T07:37:20
================================================================================
[2023-12-01T07:38:15.985+0000] {manager.py:887} INFO - 
================================================================================
DAG File Processing Stats

File Path                                PID    Runtime      # DAGs    # Errors  Last Runtime    Last Run
---------------------------------------  -----  ---------  --------  ----------  --------------  -------------------
/opt/airflow/dags/simple_ml_pipeline.py                           1           0  1.13s           2023-12-01T07:37:51
================================================================================
[2023-12-01T07:38:46.377+0000] {manager.py:887} INFO - 
================================================================================
DAG File Processing Stats

File Path                                PID    Runtime      # DAGs    # Errors  Last Runtime    Last Run
---------------------------------------  -----  ---------  --------  ----------  --------------  -------------------
/opt/airflow/dags/simple_ml_pipeline.py                           1           0  1.57s           2023-12-01T07:38:23
================================================================================
[2023-12-01T07:39:17.152+0000] {manager.py:887} INFO - 
================================================================================
DAG File Processing Stats

File Path                                PID    Runtime      # DAGs    # Errors  Last Runtime    Last Run
---------------------------------------  -----  ---------  --------  ----------  --------------  -------------------
/opt/airflow/dags/simple_ml_pipeline.py                           1           0  1.12s           2023-12-01T07:38:55
================================================================================
[2023-12-01T07:39:47.478+0000] {manager.py:887} INFO - 
================================================================================
DAG File Processing Stats

File Path                                PID    Runtime      # DAGs    # Errors  Last Runtime    Last Run
---------------------------------------  -----  ---------  --------  ----------  --------------  -------------------
/opt/airflow/dags/simple_ml_pipeline.py                           1           0  1.13s           2023-12-01T07:39:26
================================================================================
[2023-12-01T07:40:17.871+0000] {manager.py:887} INFO - 
================================================================================
DAG File Processing Stats

File Path                                PID    Runtime      # DAGs    # Errors  Last Runtime    Last Run
---------------------------------------  -----  ---------  --------  ----------  --------------  -------------------
/opt/airflow/dags/simple_ml_pipeline.py                           1           0  1.15s           2023-12-01T07:39:57
================================================================================
[2023-12-01T07:40:43.155+0000] {manager.py:755} INFO - Searching for files in /opt/airflow/dags
[2023-12-01T07:40:43.252+0000] {manager.py:758} INFO - There are 1 files in /opt/airflow/dags
[2023-12-01T07:40:48.317+0000] {manager.py:887} INFO - 
================================================================================
DAG File Processing Stats

File Path                                PID    Runtime      # DAGs    # Errors  Last Runtime    Last Run
---------------------------------------  -----  ---------  --------  ----------  --------------  -------------------
/opt/airflow/dags/simple_ml_pipeline.py                           1           0  1.19s           2023-12-01T07:40:29
================================================================================
[2023-12-01T07:41:01.861+0000] {manager.py:469} INFO - Exiting gracefully upon receiving signal 15
